{"timestamp":"2025-11-27T12:49:28.504Z","level":"WARN","message":"CSRF token validation failed - /login"}
{"timestamp":"2025-11-27T12:49:28.506Z","level":"WARN","message":"HTTP 403","data":{"method":"POST","path":"/login","statusCode":403,"duration":"17ms","ip":"::1","userId":"anonymous"}}
{"timestamp":"2025-11-27T12:50:11.308Z","level":"WARN","message":"CSRF token validation failed - /login"}
{"timestamp":"2025-11-27T12:50:11.310Z","level":"WARN","message":"HTTP 403","data":{"method":"POST","path":"/login","statusCode":403,"duration":"3ms","ip":"::1","userId":"anonymous"}}
{"timestamp":"2025-11-27T12:50:23.806Z","level":"WARN","message":"CSRF token validation failed - /login"}
{"timestamp":"2025-11-27T12:50:23.807Z","level":"WARN","message":"HTTP 403","data":{"method":"POST","path":"/login","statusCode":403,"duration":"3ms","ip":"::1","userId":"anonymous"}}
{"timestamp":"2025-11-27T12:54:52.664Z","level":"WARN","message":"CSRF token validation failed - /login"}
{"timestamp":"2025-11-27T12:54:52.670Z","level":"WARN","message":"HTTP 403","data":{"method":"POST","path":"/login","statusCode":403,"duration":"27ms","ip":"::1","userId":"anonymous"}}
{"timestamp":"2025-11-27T12:55:32.458Z","level":"WARN","message":"404 Not Found - GET /.well-known/appspecific/com.chrome.devtools.json"}
{"timestamp":"2025-11-27T12:55:32.460Z","level":"WARN","message":"HTTP 404","data":{"method":"GET","path":"/.well-known/appspecific/com.chrome.devtools.json","statusCode":404,"duration":"43ms","ip":"::1","userId":1}}
{"timestamp":"2025-11-27T12:55:36.887Z","level":"WARN","message":"404 Not Found - GET /.well-known/appspecific/com.chrome.devtools.json"}
{"timestamp":"2025-11-27T12:55:36.891Z","level":"WARN","message":"HTTP 404","data":{"method":"GET","path":"/.well-known/appspecific/com.chrome.devtools.json","statusCode":404,"duration":"4ms","ip":"::1","userId":1}}
{"timestamp":"2025-11-27T12:55:43.241Z","level":"WARN","message":"404 Not Found - GET /.well-known/appspecific/com.chrome.devtools.json"}
{"timestamp":"2025-11-27T12:55:43.246Z","level":"WARN","message":"HTTP 404","data":{"method":"GET","path":"/.well-known/appspecific/com.chrome.devtools.json","statusCode":404,"duration":"8ms","ip":"::1","userId":1}}
{"timestamp":"2025-11-27T12:58:46.463Z","level":"WARN","message":"404 Not Found - GET /.well-known/appspecific/com.chrome.devtools.json"}
{"timestamp":"2025-11-27T12:58:46.465Z","level":"WARN","message":"HTTP 404","data":{"method":"GET","path":"/.well-known/appspecific/com.chrome.devtools.json","statusCode":404,"duration":"3ms","ip":"::1","userId":"anonymous"}}
{"timestamp":"2025-11-27T12:58:54.299Z","level":"WARN","message":"404 Not Found - GET /.well-known/appspecific/com.chrome.devtools.json"}
{"timestamp":"2025-11-27T12:58:54.301Z","level":"WARN","message":"HTTP 404","data":{"method":"GET","path":"/.well-known/appspecific/com.chrome.devtools.json","statusCode":404,"duration":"4ms","ip":"::1","userId":1}}
{"timestamp":"2025-11-27T12:58:58.573Z","level":"WARN","message":"404 Not Found - GET /.well-known/appspecific/com.chrome.devtools.json"}
{"timestamp":"2025-11-27T12:58:58.576Z","level":"WARN","message":"HTTP 404","data":{"method":"GET","path":"/.well-known/appspecific/com.chrome.devtools.json","statusCode":404,"duration":"5ms","ip":"::1","userId":1}}
{"timestamp":"2025-11-27T12:59:01.560Z","level":"WARN","message":"404 Not Found - GET /.well-known/appspecific/com.chrome.devtools.json"}
{"timestamp":"2025-11-27T12:59:01.561Z","level":"WARN","message":"HTTP 404","data":{"method":"GET","path":"/.well-known/appspecific/com.chrome.devtools.json","statusCode":404,"duration":"3ms","ip":"::1","userId":1}}
{"timestamp":"2025-11-27T13:00:15.494Z","level":"WARN","message":"404 Not Found - GET /.well-known/appspecific/com.chrome.devtools.json"}
{"timestamp":"2025-11-27T13:00:15.498Z","level":"WARN","message":"HTTP 404","data":{"method":"GET","path":"/.well-known/appspecific/com.chrome.devtools.json","statusCode":404,"duration":"5ms","ip":"::1","userId":"anonymous"}}
{"timestamp":"2025-11-27T13:00:23.230Z","level":"WARN","message":"404 Not Found - GET /.well-known/appspecific/com.chrome.devtools.json"}
{"timestamp":"2025-11-27T13:00:23.236Z","level":"WARN","message":"HTTP 404","data":{"method":"GET","path":"/.well-known/appspecific/com.chrome.devtools.json","statusCode":404,"duration":"8ms","ip":"::1","userId":1}}
{"timestamp":"2025-11-27T13:00:27.987Z","level":"WARN","message":"404 Not Found - GET /.well-known/appspecific/com.chrome.devtools.json"}
{"timestamp":"2025-11-27T13:00:27.989Z","level":"WARN","message":"HTTP 404","data":{"method":"GET","path":"/.well-known/appspecific/com.chrome.devtools.json","statusCode":404,"duration":"3ms","ip":"::1","userId":1}}
{"timestamp":"2025-11-27T13:04:38.308Z","level":"WARN","message":"404 Not Found - GET /.well-known/appspecific/com.chrome.devtools.json"}
{"timestamp":"2025-11-27T13:04:38.312Z","level":"WARN","message":"HTTP 404","data":{"method":"GET","path":"/.well-known/appspecific/com.chrome.devtools.json","statusCode":404,"duration":"4ms","ip":"::1","userId":"anonymous"}}
{"timestamp":"2025-11-27T13:04:45.738Z","level":"WARN","message":"404 Not Found - GET /.well-known/appspecific/com.chrome.devtools.json"}
{"timestamp":"2025-11-27T13:04:45.741Z","level":"WARN","message":"HTTP 404","data":{"method":"GET","path":"/.well-known/appspecific/com.chrome.devtools.json","statusCode":404,"duration":"6ms","ip":"::1","userId":1}}
{"timestamp":"2025-11-27T13:04:50.977Z","level":"WARN","message":"404 Not Found - GET /.well-known/appspecific/com.chrome.devtools.json"}
{"timestamp":"2025-11-27T13:04:50.978Z","level":"WARN","message":"HTTP 404","data":{"method":"GET","path":"/.well-known/appspecific/com.chrome.devtools.json","statusCode":404,"duration":"3ms","ip":"::1","userId":1}}
{"timestamp":"2025-11-27T13:05:02.737Z","level":"WARN","message":"HTTP 400","data":{"method":"POST","path":"/1/reset-password","statusCode":400,"duration":"33ms","ip":"::1","userId":1}}
{"timestamp":"2025-11-27T13:07:32.930Z","level":"WARN","message":"404 Not Found - GET /.well-known/appspecific/com.chrome.devtools.json"}
{"timestamp":"2025-11-27T13:07:32.933Z","level":"WARN","message":"HTTP 404","data":{"method":"GET","path":"/.well-known/appspecific/com.chrome.devtools.json","statusCode":404,"duration":"4ms","ip":"::1","userId":"anonymous"}}
{"timestamp":"2025-11-27T13:07:41.504Z","level":"WARN","message":"404 Not Found - GET /.well-known/appspecific/com.chrome.devtools.json"}
{"timestamp":"2025-11-27T13:07:41.506Z","level":"WARN","message":"HTTP 404","data":{"method":"GET","path":"/.well-known/appspecific/com.chrome.devtools.json","statusCode":404,"duration":"4ms","ip":"::1","userId":1}}
{"timestamp":"2025-11-27T13:07:46.324Z","level":"WARN","message":"404 Not Found - GET /.well-known/appspecific/com.chrome.devtools.json"}
{"timestamp":"2025-11-27T13:07:46.327Z","level":"WARN","message":"HTTP 404","data":{"method":"GET","path":"/.well-known/appspecific/com.chrome.devtools.json","statusCode":404,"duration":"3ms","ip":"::1","userId":1}}
{"timestamp":"2025-11-27T13:07:56.787Z","level":"WARN","message":"HTTP 400","data":{"method":"POST","path":"/1/reset-password","statusCode":400,"duration":"145ms","ip":"::1","userId":1}}
{"timestamp":"2025-11-27T13:07:58.056Z","level":"WARN","message":"HTTP 400","data":{"method":"POST","path":"/1/reset-password","statusCode":400,"duration":"3ms","ip":"::1","userId":1}}
{"timestamp":"2025-11-27T13:08:13.448Z","level":"WARN","message":"HTTP 400","data":{"method":"POST","path":"/2/reset-password","statusCode":400,"duration":"37ms","ip":"::1","userId":1}}
{"timestamp":"2025-11-27T13:26:56.769Z","level":"WARN","message":"404 Not Found - GET /.well-known/appspecific/com.chrome.devtools.json"}
{"timestamp":"2025-11-27T13:26:56.772Z","level":"WARN","message":"HTTP 404","data":{"method":"GET","path":"/.well-known/appspecific/com.chrome.devtools.json","statusCode":404,"duration":"4ms","ip":"::1","userId":"anonymous"}}
{"timestamp":"2025-11-27T13:27:04.112Z","level":"WARN","message":"404 Not Found - GET /.well-known/appspecific/com.chrome.devtools.json"}
{"timestamp":"2025-11-27T13:27:04.116Z","level":"WARN","message":"HTTP 404","data":{"method":"GET","path":"/.well-known/appspecific/com.chrome.devtools.json","statusCode":404,"duration":"5ms","ip":"::1","userId":1}}
{"timestamp":"2025-11-27T13:27:08.067Z","level":"WARN","message":"404 Not Found - GET /.well-known/appspecific/com.chrome.devtools.json"}
{"timestamp":"2025-11-27T13:27:08.069Z","level":"WARN","message":"HTTP 404","data":{"method":"GET","path":"/.well-known/appspecific/com.chrome.devtools.json","statusCode":404,"duration":"4ms","ip":"::1","userId":1}}
{"timestamp":"2025-11-27T13:27:16.202Z","level":"WARN","message":"HTTP 400","data":{"method":"POST","path":"/1/reset-password","statusCode":400,"duration":"4ms","ip":"::1","userId":1}}
{"timestamp":"2025-11-27T13:28:00.207Z","level":"WARN","message":"HTTP 400","data":{"method":"POST","path":"/1/reset-password","statusCode":400,"duration":"41ms","ip":"::1","userId":1}}
{"timestamp":"2025-11-27T13:29:31.974Z","level":"WARN","message":"404 Not Found - GET /.well-known/appspecific/com.chrome.devtools.json"}
{"timestamp":"2025-11-27T13:29:31.978Z","level":"WARN","message":"HTTP 404","data":{"method":"GET","path":"/.well-known/appspecific/com.chrome.devtools.json","statusCode":404,"duration":"5ms","ip":"::1","userId":"anonymous"}}
{"timestamp":"2025-11-27T13:29:38.442Z","level":"WARN","message":"404 Not Found - GET /.well-known/appspecific/com.chrome.devtools.json"}
{"timestamp":"2025-11-27T13:29:38.447Z","level":"WARN","message":"HTTP 404","data":{"method":"GET","path":"/.well-known/appspecific/com.chrome.devtools.json","statusCode":404,"duration":"8ms","ip":"::1","userId":1}}
{"timestamp":"2025-11-27T13:29:43.359Z","level":"WARN","message":"404 Not Found - GET /.well-known/appspecific/com.chrome.devtools.json"}
{"timestamp":"2025-11-27T13:29:43.361Z","level":"WARN","message":"HTTP 404","data":{"method":"GET","path":"/.well-known/appspecific/com.chrome.devtools.json","statusCode":404,"duration":"3ms","ip":"::1","userId":1}}
{"timestamp":"2025-11-27T13:30:06.482Z","level":"WARN","message":"404 Not Found - GET /.well-known/appspecific/com.chrome.devtools.json"}
{"timestamp":"2025-11-27T13:30:06.484Z","level":"WARN","message":"HTTP 404","data":{"method":"GET","path":"/.well-known/appspecific/com.chrome.devtools.json","statusCode":404,"duration":"3ms","ip":"::1","userId":1}}
{"timestamp":"2025-11-27T13:30:21.137Z","level":"WARN","message":"CSRF token validation failed - /api/facilities/upload"}
{"timestamp":"2025-11-27T13:30:21.138Z","level":"WARN","message":"HTTP 403","data":{"method":"POST","path":"/api/facilities/upload","statusCode":403,"duration":"44ms","ip":"::1","userId":1}}
{"timestamp":"2025-11-27T13:31:30.025Z","level":"WARN","message":"CSRF token validation failed - /api/facilities/upload"}
{"timestamp":"2025-11-27T13:31:30.027Z","level":"WARN","message":"HTTP 403","data":{"method":"POST","path":"/api/facilities/upload","statusCode":403,"duration":"45ms","ip":"::1","userId":1}}
{"timestamp":"2025-11-27T13:33:10.815Z","level":"WARN","message":"404 Not Found - GET /.well-known/appspecific/com.chrome.devtools.json"}
{"timestamp":"2025-11-27T13:33:10.819Z","level":"WARN","message":"HTTP 404","data":{"method":"GET","path":"/.well-known/appspecific/com.chrome.devtools.json","statusCode":404,"duration":"5ms","ip":"::1","userId":"anonymous"}}
{"timestamp":"2025-11-27T13:33:18.882Z","level":"WARN","message":"Failed login attempt: incorrect password - admin"}
{"timestamp":"2025-11-27T13:33:18.921Z","level":"WARN","message":"404 Not Found - GET /.well-known/appspecific/com.chrome.devtools.json"}
{"timestamp":"2025-11-27T13:33:18.924Z","level":"WARN","message":"HTTP 404","data":{"method":"GET","path":"/.well-known/appspecific/com.chrome.devtools.json","statusCode":404,"duration":"4ms","ip":"::1","userId":"anonymous"}}
{"timestamp":"2025-11-27T13:33:31.661Z","level":"WARN","message":"Failed login attempt: incorrect password - admin"}
{"timestamp":"2025-11-27T13:33:31.701Z","level":"WARN","message":"404 Not Found - GET /.well-known/appspecific/com.chrome.devtools.json"}
{"timestamp":"2025-11-27T13:33:31.703Z","level":"WARN","message":"HTTP 404","data":{"method":"GET","path":"/.well-known/appspecific/com.chrome.devtools.json","statusCode":404,"duration":"3ms","ip":"::1","userId":"anonymous"}}
{"timestamp":"2025-11-27T13:33:41.072Z","level":"WARN","message":"404 Not Found - GET /.well-known/appspecific/com.chrome.devtools.json"}
{"timestamp":"2025-11-27T13:33:41.073Z","level":"WARN","message":"HTTP 404","data":{"method":"GET","path":"/.well-known/appspecific/com.chrome.devtools.json","statusCode":404,"duration":"4ms","ip":"::1","userId":1}}
{"timestamp":"2025-11-27T13:34:43.876Z","level":"WARN","message":"404 Not Found - GET /.well-known/appspecific/com.chrome.devtools.json"}
{"timestamp":"2025-11-27T13:34:43.879Z","level":"WARN","message":"HTTP 404","data":{"method":"GET","path":"/.well-known/appspecific/com.chrome.devtools.json","statusCode":404,"duration":"5ms","ip":"::1","userId":1}}
{"timestamp":"2025-11-27T13:34:52.257Z","level":"WARN","message":"404 Not Found - GET /.well-known/appspecific/com.chrome.devtools.json"}
{"timestamp":"2025-11-27T13:34:52.258Z","level":"WARN","message":"HTTP 404","data":{"method":"GET","path":"/.well-known/appspecific/com.chrome.devtools.json","statusCode":404,"duration":"3ms","ip":"::1","userId":1}}
{"timestamp":"2025-11-27T13:38:28.389Z","level":"WARN","message":"404 Not Found - GET /.well-known/appspecific/com.chrome.devtools.json"}
{"timestamp":"2025-11-27T13:38:28.392Z","level":"WARN","message":"HTTP 404","data":{"method":"GET","path":"/.well-known/appspecific/com.chrome.devtools.json","statusCode":404,"duration":"4ms","ip":"::1","userId":"anonymous"}}
{"timestamp":"2025-11-27T13:38:44.377Z","level":"WARN","message":"404 Not Found - GET /.well-known/appspecific/com.chrome.devtools.json"}
{"timestamp":"2025-11-27T13:38:44.380Z","level":"WARN","message":"HTTP 404","data":{"method":"GET","path":"/.well-known/appspecific/com.chrome.devtools.json","statusCode":404,"duration":"5ms","ip":"::1","userId":1}}
{"timestamp":"2025-11-27T13:39:04.965Z","level":"WARN","message":"404 Not Found - GET /.well-known/appspecific/com.chrome.devtools.json"}
{"timestamp":"2025-11-27T13:39:04.968Z","level":"WARN","message":"HTTP 404","data":{"method":"GET","path":"/.well-known/appspecific/com.chrome.devtools.json","statusCode":404,"duration":"4ms","ip":"::1","userId":1}}
{"timestamp":"2025-11-27T14:16:44.995Z","level":"WARN","message":"Failed login attempt: incorrect password - admin"}
{"timestamp":"2025-11-27T14:17:08.915Z","level":"WARN","message":"404 Not Found - GET /.well-known/appspecific/com.chrome.devtools.json"}
{"timestamp":"2025-11-27T14:17:08.917Z","level":"WARN","message":"HTTP 404","data":{"method":"GET","path":"/.well-known/appspecific/com.chrome.devtools.json","statusCode":404,"duration":"35ms","ip":"::1","userId":1}}
{"timestamp":"2025-11-27T14:17:14.917Z","level":"WARN","message":"404 Not Found - GET /.well-known/appspecific/com.chrome.devtools.json"}
{"timestamp":"2025-11-27T14:17:14.919Z","level":"WARN","message":"HTTP 404","data":{"method":"GET","path":"/.well-known/appspecific/com.chrome.devtools.json","statusCode":404,"duration":"6ms","ip":"::1","userId":1}}
{"timestamp":"2025-11-27T14:18:22.508Z","level":"WARN","message":"404 Not Found - GET /.well-known/appspecific/com.chrome.devtools.json"}
{"timestamp":"2025-11-27T14:18:22.511Z","level":"WARN","message":"HTTP 404","data":{"method":"GET","path":"/.well-known/appspecific/com.chrome.devtools.json","statusCode":404,"duration":"5ms","ip":"::1","userId":"anonymous"}}
{"timestamp":"2025-11-27T14:18:39.192Z","level":"WARN","message":"Failed login attempt: username not found - admin12345678@Nz"}
{"timestamp":"2025-11-27T14:18:39.231Z","level":"WARN","message":"404 Not Found - GET /.well-known/appspecific/com.chrome.devtools.json"}
{"timestamp":"2025-11-27T14:18:39.233Z","level":"WARN","message":"HTTP 404","data":{"method":"GET","path":"/.well-known/appspecific/com.chrome.devtools.json","statusCode":404,"duration":"3ms","ip":"::1","userId":"anonymous"}}
{"timestamp":"2025-11-27T14:18:50.030Z","level":"WARN","message":"404 Not Found - GET /.well-known/appspecific/com.chrome.devtools.json"}
{"timestamp":"2025-11-27T14:18:50.033Z","level":"WARN","message":"HTTP 404","data":{"method":"GET","path":"/.well-known/appspecific/com.chrome.devtools.json","statusCode":404,"duration":"6ms","ip":"::1","userId":1}}
{"timestamp":"2025-11-27T14:19:40.725Z","level":"WARN","message":"CSRF token validation failed - /api/facilities/resumable/b8c611ab950221758cdf8d070bee3f92/chunk"}
{"timestamp":"2025-11-27T14:19:40.733Z","level":"WARN","message":"HTTP 403","data":{"method":"POST","path":"/api/facilities/resumable/b8c611ab950221758cdf8d070bee3f92/chunk","statusCode":403,"duration":"14ms","ip":"::ffff:127.0.0.1","userId":"anonymous"}}
{"timestamp":"2025-11-27T14:19:42.585Z","level":"WARN","message":"CSRF token validation failed - /api/facilities/resumable/b8c611ab950221758cdf8d070bee3f92/chunk"}
{"timestamp":"2025-11-27T14:19:42.587Z","level":"WARN","message":"HTTP 403","data":{"method":"POST","path":"/api/facilities/resumable/b8c611ab950221758cdf8d070bee3f92/chunk","statusCode":403,"duration":"4ms","ip":"::ffff:127.0.0.1","userId":"anonymous"}}
{"timestamp":"2025-11-27T14:19:44.594Z","level":"WARN","message":"CSRF token validation failed - /api/facilities/resumable/b8c611ab950221758cdf8d070bee3f92/chunk"}
{"timestamp":"2025-11-27T14:19:44.595Z","level":"WARN","message":"HTTP 403","data":{"method":"POST","path":"/api/facilities/resumable/b8c611ab950221758cdf8d070bee3f92/chunk","statusCode":403,"duration":"3ms","ip":"::ffff:127.0.0.1","userId":"anonymous"}}
{"timestamp":"2025-11-27T14:19:46.594Z","level":"WARN","message":"CSRF token validation failed - /api/facilities/resumable/b8c611ab950221758cdf8d070bee3f92/chunk"}
{"timestamp":"2025-11-27T14:19:46.595Z","level":"WARN","message":"HTTP 403","data":{"method":"POST","path":"/api/facilities/resumable/b8c611ab950221758cdf8d070bee3f92/chunk","statusCode":403,"duration":"3ms","ip":"::ffff:127.0.0.1","userId":"anonymous"}}
{"timestamp":"2025-11-27T14:22:45.546Z","level":"WARN","message":"404 Not Found - GET /.well-known/appspecific/com.chrome.devtools.json"}
{"timestamp":"2025-11-27T14:22:45.549Z","level":"WARN","message":"HTTP 404","data":{"method":"GET","path":"/.well-known/appspecific/com.chrome.devtools.json","statusCode":404,"duration":"4ms","ip":"::1","userId":"anonymous"}}
{"timestamp":"2025-11-27T14:22:59.007Z","level":"WARN","message":"404 Not Found - GET /.well-known/appspecific/com.chrome.devtools.json"}
{"timestamp":"2025-11-27T14:22:59.014Z","level":"WARN","message":"HTTP 404","data":{"method":"GET","path":"/.well-known/appspecific/com.chrome.devtools.json","statusCode":404,"duration":"17ms","ip":"::1","userId":1}}
{"timestamp":"2025-11-27T14:23:39.956Z","level":"WARN","message":"HTTP 500","data":{"method":"POST","path":"/api/facilities/resumable/b8c611ab950221758cdf8d070bee3f92/chunk","statusCode":500,"duration":"4ms","ip":"::1","userId":1}}
{"timestamp":"2025-11-27T14:23:41.218Z","level":"WARN","message":"HTTP 500","data":{"method":"POST","path":"/api/facilities/resumable/b8c611ab950221758cdf8d070bee3f92/chunk","statusCode":500,"duration":"14ms","ip":"::1","userId":"anonymous"}}
{"timestamp":"2025-11-27T14:23:42.264Z","level":"WARN","message":"HTTP 500","data":{"method":"POST","path":"/api/facilities/resumable/b8c611ab950221758cdf8d070bee3f92/chunk","statusCode":500,"duration":"3ms","ip":"::1","userId":"anonymous"}}
{"timestamp":"2025-11-27T14:23:43.305Z","level":"WARN","message":"HTTP 500","data":{"method":"POST","path":"/api/facilities/resumable/b8c611ab950221758cdf8d070bee3f92/chunk","statusCode":500,"duration":"3ms","ip":"::1","userId":"anonymous"}}
{"timestamp":"2025-11-27T14:26:07.308Z","level":"WARN","message":"404 Not Found - GET /.well-known/appspecific/com.chrome.devtools.json"}
{"timestamp":"2025-11-27T14:26:07.310Z","level":"WARN","message":"HTTP 404","data":{"method":"GET","path":"/.well-known/appspecific/com.chrome.devtools.json","statusCode":404,"duration":"4ms","ip":"::1","userId":"anonymous"}}
{"timestamp":"2025-11-27T14:26:15.487Z","level":"WARN","message":"404 Not Found - GET /.well-known/appspecific/com.chrome.devtools.json"}
{"timestamp":"2025-11-27T14:26:15.489Z","level":"WARN","message":"HTTP 404","data":{"method":"GET","path":"/.well-known/appspecific/com.chrome.devtools.json","statusCode":404,"duration":"4ms","ip":"::1","userId":1}}
{"timestamp":"2025-11-27T14:31:07.795Z","level":"WARN","message":"404 Not Found - GET /.well-known/appspecific/com.chrome.devtools.json"}
{"timestamp":"2025-11-27T14:31:07.797Z","level":"WARN","message":"HTTP 404","data":{"method":"GET","path":"/.well-known/appspecific/com.chrome.devtools.json","statusCode":404,"duration":"3ms","ip":"::1","userId":"anonymous"}}
{"timestamp":"2025-11-27T14:31:17.910Z","level":"WARN","message":"404 Not Found - GET /.well-known/appspecific/com.chrome.devtools.json"}
{"timestamp":"2025-11-27T14:31:17.912Z","level":"WARN","message":"HTTP 404","data":{"method":"GET","path":"/.well-known/appspecific/com.chrome.devtools.json","statusCode":404,"duration":"4ms","ip":"::1","userId":1}}
{"timestamp":"2025-11-27T14:34:55.659Z","level":"WARN","message":"404 Not Found - GET /.well-known/appspecific/com.chrome.devtools.json"}
{"timestamp":"2025-11-27T14:34:55.664Z","level":"WARN","message":"HTTP 404","data":{"method":"GET","path":"/.well-known/appspecific/com.chrome.devtools.json","statusCode":404,"duration":"6ms","ip":"::1","userId":"anonymous"}}
{"timestamp":"2025-11-27T14:35:09.910Z","level":"WARN","message":"404 Not Found - GET /.well-known/appspecific/com.chrome.devtools.json"}
{"timestamp":"2025-11-27T14:35:09.912Z","level":"WARN","message":"HTTP 404","data":{"method":"GET","path":"/.well-known/appspecific/com.chrome.devtools.json","statusCode":404,"duration":"4ms","ip":"::1","userId":1}}
{"timestamp":"2025-11-27T14:39:21.822Z","level":"WARN","message":"404 Not Found - GET /favicon.ico"}
{"timestamp":"2025-11-27T14:39:21.825Z","level":"WARN","message":"HTTP 404","data":{"method":"GET","path":"/favicon.ico","statusCode":404,"duration":"4ms","ip":"::1","userId":"anonymous"}}
{"timestamp":"2025-11-27T14:40:20.160Z","level":"WARN","message":"404 Not Found - GET /.well-known/appspecific/com.chrome.devtools.json"}
{"timestamp":"2025-11-27T14:40:20.163Z","level":"WARN","message":"HTTP 404","data":{"method":"GET","path":"/.well-known/appspecific/com.chrome.devtools.json","statusCode":404,"duration":"37ms","ip":"::1","userId":1}}
{"timestamp":"2025-11-27T14:42:13.259Z","level":"WARN","message":"CSRF token validation failed - /api/facilities/resumable/init"}
{"timestamp":"2025-11-27T14:42:13.264Z","level":"WARN","message":"HTTP 403","data":{"method":"POST","path":"/api/facilities/resumable/init","statusCode":403,"duration":"22ms","ip":"::1","userId":"anonymous"}}
{"timestamp":"2025-11-27T14:47:14.328Z","level":"WARN","message":"404 Not Found - GET /.well-known/appspecific/com.chrome.devtools.json"}
{"timestamp":"2025-11-27T14:47:14.330Z","level":"WARN","message":"HTTP 404","data":{"method":"GET","path":"/.well-known/appspecific/com.chrome.devtools.json","statusCode":404,"duration":"3ms","ip":"::1","userId":"anonymous"}}
{"timestamp":"2025-11-27T14:47:27.163Z","level":"WARN","message":"404 Not Found - GET /.well-known/appspecific/com.chrome.devtools.json"}
{"timestamp":"2025-11-27T14:47:27.165Z","level":"WARN","message":"HTTP 404","data":{"method":"GET","path":"/.well-known/appspecific/com.chrome.devtools.json","statusCode":404,"duration":"4ms","ip":"::1","userId":1}}
{"timestamp":"2025-11-27T14:49:13.767Z","level":"WARN","message":"HTTP 404","data":{"method":"POST","path":"/resumable/b8c611ab950221758cdf8d070bee3f92/complete","statusCode":404,"duration":"6ms","ip":"::1","userId":1}}
{"timestamp":"2025-11-27T14:54:08.437Z","level":"WARN","message":"404 Not Found - GET /.well-known/appspecific/com.chrome.devtools.json"}
{"timestamp":"2025-11-27T14:54:08.439Z","level":"WARN","message":"HTTP 404","data":{"method":"GET","path":"/.well-known/appspecific/com.chrome.devtools.json","statusCode":404,"duration":"3ms","ip":"::1","userId":"anonymous"}}
{"timestamp":"2025-11-27T14:54:20.747Z","level":"WARN","message":"Failed login attempt: username not found - admin "}
{"timestamp":"2025-11-27T14:54:20.785Z","level":"WARN","message":"404 Not Found - GET /.well-known/appspecific/com.chrome.devtools.json"}
{"timestamp":"2025-11-27T14:54:20.787Z","level":"WARN","message":"HTTP 404","data":{"method":"GET","path":"/.well-known/appspecific/com.chrome.devtools.json","statusCode":404,"duration":"3ms","ip":"::1","userId":"anonymous"}}
{"timestamp":"2025-11-27T14:54:32.484Z","level":"WARN","message":"404 Not Found - GET /.well-known/appspecific/com.chrome.devtools.json"}
{"timestamp":"2025-11-27T14:54:32.486Z","level":"WARN","message":"HTTP 404","data":{"method":"GET","path":"/.well-known/appspecific/com.chrome.devtools.json","statusCode":404,"duration":"4ms","ip":"::1","userId":1}}
{"timestamp":"2025-11-27T14:57:36.038Z","level":"WARN","message":"404 Not Found - GET /.well-known/appspecific/com.chrome.devtools.json"}
{"timestamp":"2025-11-27T14:57:36.041Z","level":"WARN","message":"HTTP 404","data":{"method":"GET","path":"/.well-known/appspecific/com.chrome.devtools.json","statusCode":404,"duration":"3ms","ip":"::1","userId":"anonymous"}}
{"timestamp":"2025-11-27T14:58:12.683Z","level":"WARN","message":"Failed login attempt: incorrect password - admin"}
{"timestamp":"2025-11-27T14:58:12.721Z","level":"WARN","message":"404 Not Found - GET /.well-known/appspecific/com.chrome.devtools.json"}
{"timestamp":"2025-11-27T14:58:12.723Z","level":"WARN","message":"HTTP 404","data":{"method":"GET","path":"/.well-known/appspecific/com.chrome.devtools.json","statusCode":404,"duration":"3ms","ip":"::1","userId":"anonymous"}}
{"timestamp":"2025-11-27T14:58:30.554Z","level":"WARN","message":"404 Not Found - GET /.well-known/appspecific/com.chrome.devtools.json"}
{"timestamp":"2025-11-27T14:58:30.555Z","level":"WARN","message":"HTTP 404","data":{"method":"GET","path":"/.well-known/appspecific/com.chrome.devtools.json","statusCode":404,"duration":"3ms","ip":"::1","userId":1}}
{"timestamp":"2025-11-27T15:00:07.842Z","level":"WARN","message":"HTTP 404","data":{"method":"POST","path":"/resumable/b8c611ab950221758cdf8d070bee3f92/complete","statusCode":404,"duration":"6ms","ip":"::1","userId":1}}
{"timestamp":"2025-11-27T15:07:52.186Z","level":"WARN","message":"404 Not Found - GET /.well-known/appspecific/com.chrome.devtools.json"}
{"timestamp":"2025-11-27T15:07:52.188Z","level":"WARN","message":"HTTP 404","data":{"method":"GET","path":"/.well-known/appspecific/com.chrome.devtools.json","statusCode":404,"duration":"3ms","ip":"::1","userId":"anonymous"}}
{"timestamp":"2025-11-27T15:07:53.159Z","level":"WARN","message":"404 Not Found - GET /.well-known/appspecific/com.chrome.devtools.json"}
{"timestamp":"2025-11-27T15:07:53.160Z","level":"WARN","message":"HTTP 404","data":{"method":"GET","path":"/.well-known/appspecific/com.chrome.devtools.json","statusCode":404,"duration":"2ms","ip":"::1","userId":"anonymous"}}
{"timestamp":"2025-11-27T15:07:54.084Z","level":"WARN","message":"404 Not Found - GET /.well-known/appspecific/com.chrome.devtools.json"}
{"timestamp":"2025-11-27T15:07:54.085Z","level":"WARN","message":"HTTP 404","data":{"method":"GET","path":"/.well-known/appspecific/com.chrome.devtools.json","statusCode":404,"duration":"2ms","ip":"::1","userId":"anonymous"}}
{"timestamp":"2025-11-27T15:07:55.102Z","level":"WARN","message":"404 Not Found - GET /.well-known/appspecific/com.chrome.devtools.json"}
{"timestamp":"2025-11-27T15:07:55.103Z","level":"WARN","message":"HTTP 404","data":{"method":"GET","path":"/.well-known/appspecific/com.chrome.devtools.json","statusCode":404,"duration":"2ms","ip":"::1","userId":"anonymous"}}
{"timestamp":"2025-11-27T15:08:05.362Z","level":"WARN","message":"404 Not Found - GET /.well-known/appspecific/com.chrome.devtools.json"}
{"timestamp":"2025-11-27T15:08:05.365Z","level":"WARN","message":"HTTP 404","data":{"method":"GET","path":"/.well-known/appspecific/com.chrome.devtools.json","statusCode":404,"duration":"6ms","ip":"::1","userId":1}}
{"timestamp":"2025-11-27T15:10:44.681Z","level":"WARN","message":"HTTP 404","data":{"method":"POST","path":"/resumable/b8c611ab950221758cdf8d070bee3f92/complete","statusCode":404,"duration":"9ms","ip":"::1","userId":1}}
{"timestamp":"2025-11-27T15:18:58.303Z","level":"WARN","message":"404 Not Found - GET /.well-known/appspecific/com.chrome.devtools.json"}
{"timestamp":"2025-11-27T15:18:58.306Z","level":"WARN","message":"HTTP 404","data":{"method":"GET","path":"/.well-known/appspecific/com.chrome.devtools.json","statusCode":404,"duration":"4ms","ip":"::1","userId":"anonymous"}}
{"timestamp":"2025-11-27T15:19:12.046Z","level":"WARN","message":"404 Not Found - GET /.well-known/appspecific/com.chrome.devtools.json"}
{"timestamp":"2025-11-27T15:19:12.048Z","level":"WARN","message":"HTTP 404","data":{"method":"GET","path":"/.well-known/appspecific/com.chrome.devtools.json","statusCode":404,"duration":"4ms","ip":"::1","userId":1}}
{"timestamp":"2025-11-27T15:19:44.797Z","level":"WARN","message":"HTTP 404","data":{"method":"POST","path":"/resumable/a856cdf1bc8fc27cd7ff18eea2e1502e/complete","statusCode":404,"duration":"3ms","ip":"::1","userId":1}}
{"timestamp":"2025-11-27T18:55:20.581Z","level":"WARN","message":"404 Not Found - GET /api-docs"}
{"timestamp":"2025-11-27T18:55:20.596Z","level":"WARN","message":"HTTP 404","data":{"method":"GET","path":"/api-docs","statusCode":404,"duration":"31ms","ip":"::1","userId":"anonymous"}}
{"timestamp":"2025-11-27T18:55:20.635Z","level":"WARN","message":"404 Not Found - GET /.well-known/appspecific/com.chrome.devtools.json"}
{"timestamp":"2025-11-27T18:55:20.640Z","level":"WARN","message":"HTTP 404","data":{"method":"GET","path":"/.well-known/appspecific/com.chrome.devtools.json","statusCode":404,"duration":"6ms","ip":"::1","userId":"anonymous"}}
{"timestamp":"2025-11-27T19:14:46.811Z","level":"WARN","message":"404 Not Found - GET /.well-known/appspecific/com.chrome.devtools.json"}
{"timestamp":"2025-11-27T19:14:46.813Z","level":"WARN","message":"HTTP 404","data":{"method":"GET","path":"/.well-known/appspecific/com.chrome.devtools.json","statusCode":404,"duration":"4ms","ip":"::1","userId":"anonymous"}}
{"timestamp":"2025-11-27T19:14:49.629Z","level":"WARN","message":"404 Not Found - GET /.well-known/appspecific/com.chrome.devtools.json"}
{"timestamp":"2025-11-27T19:14:49.641Z","level":"WARN","message":"HTTP 404","data":{"method":"GET","path":"/.well-known/appspecific/com.chrome.devtools.json","statusCode":404,"duration":"14ms","ip":"::1","userId":"anonymous"}}
{"timestamp":"2025-11-27T19:15:56.378Z","level":"WARN","message":"404 Not Found - GET /.well-known/appspecific/com.chrome.devtools.json"}
{"timestamp":"2025-11-27T19:15:56.382Z","level":"WARN","message":"HTTP 404","data":{"method":"GET","path":"/.well-known/appspecific/com.chrome.devtools.json","statusCode":404,"duration":"58ms","ip":"::1","userId":1}}
{"timestamp":"2025-11-27T19:16:44.443Z","level":"WARN","message":"HTTP 400","data":{"method":"POST","path":"/resumable/895abce16ec3168a6c6cd011ddd01baa/complete","statusCode":400,"duration":"4179ms","ip":"::1","userId":1}}
{"timestamp":"2025-11-27T19:19:25.050Z","level":"WARN","message":"404 Not Found - GET /.well-known/appspecific/com.chrome.devtools.json"}
{"timestamp":"2025-11-27T19:19:25.056Z","level":"WARN","message":"HTTP 404","data":{"method":"GET","path":"/.well-known/appspecific/com.chrome.devtools.json","statusCode":404,"duration":"7ms","ip":"::1","userId":"anonymous"}}
{"timestamp":"2025-11-27T19:19:38.440Z","level":"WARN","message":"404 Not Found - GET /.well-known/appspecific/com.chrome.devtools.json"}
{"timestamp":"2025-11-27T19:19:38.447Z","level":"WARN","message":"HTTP 404","data":{"method":"GET","path":"/.well-known/appspecific/com.chrome.devtools.json","statusCode":404,"duration":"10ms","ip":"::1","userId":1}}
{"timestamp":"2025-11-27T19:21:52.893Z","level":"WARN","message":"404 Not Found - GET /.well-known/appspecific/com.chrome.devtools.json"}
{"timestamp":"2025-11-27T19:21:52.900Z","level":"WARN","message":"HTTP 404","data":{"method":"GET","path":"/.well-known/appspecific/com.chrome.devtools.json","statusCode":404,"duration":"8ms","ip":"::1","userId":"anonymous"}}
{"timestamp":"2025-11-27T19:23:19.720Z","level":"WARN","message":"CSRF token validation failed - /login"}
{"timestamp":"2025-11-27T19:23:19.729Z","level":"WARN","message":"HTTP 403","data":{"method":"POST","path":"/login","statusCode":403,"duration":"36ms","ip":"::1","userId":"anonymous"}}
{"timestamp":"2025-11-27T19:23:19.770Z","level":"WARN","message":"404 Not Found - GET /.well-known/appspecific/com.chrome.devtools.json"}
{"timestamp":"2025-11-27T19:23:19.775Z","level":"WARN","message":"HTTP 404","data":{"method":"GET","path":"/.well-known/appspecific/com.chrome.devtools.json","statusCode":404,"duration":"9ms","ip":"::1","userId":"anonymous"}}
{"timestamp":"2025-11-27T19:23:26.553Z","level":"WARN","message":"CSRF token validation failed - /login"}
{"timestamp":"2025-11-27T19:23:26.558Z","level":"WARN","message":"HTTP 403","data":{"method":"POST","path":"/login","statusCode":403,"duration":"8ms","ip":"::1","userId":"anonymous"}}
{"timestamp":"2025-11-27T19:23:26.593Z","level":"WARN","message":"404 Not Found - GET /.well-known/appspecific/com.chrome.devtools.json"}
{"timestamp":"2025-11-27T19:23:26.597Z","level":"WARN","message":"HTTP 404","data":{"method":"GET","path":"/.well-known/appspecific/com.chrome.devtools.json","statusCode":404,"duration":"6ms","ip":"::1","userId":"anonymous"}}
{"timestamp":"2025-11-27T19:23:27.605Z","level":"WARN","message":"CSRF token validation failed - /login"}
{"timestamp":"2025-11-27T19:23:27.610Z","level":"WARN","message":"HTTP 403","data":{"method":"POST","path":"/login","statusCode":403,"duration":"8ms","ip":"::1","userId":"anonymous"}}
{"timestamp":"2025-11-27T19:23:27.640Z","level":"WARN","message":"404 Not Found - GET /.well-known/appspecific/com.chrome.devtools.json"}
{"timestamp":"2025-11-27T19:23:27.642Z","level":"WARN","message":"HTTP 404","data":{"method":"GET","path":"/.well-known/appspecific/com.chrome.devtools.json","statusCode":404,"duration":"3ms","ip":"::1","userId":"anonymous"}}
{"timestamp":"2025-11-27T19:23:29.651Z","level":"WARN","message":"404 Not Found - GET /.well-known/appspecific/com.chrome.devtools.json"}
{"timestamp":"2025-11-27T19:23:29.654Z","level":"WARN","message":"HTTP 404","data":{"method":"GET","path":"/.well-known/appspecific/com.chrome.devtools.json","statusCode":404,"duration":"3ms","ip":"::1","userId":"anonymous"}}
{"timestamp":"2025-11-27T19:28:02.205Z","level":"WARN","message":"404 Not Found - GET /.well-known/appspecific/com.chrome.devtools.json"}
{"timestamp":"2025-11-27T19:28:02.212Z","level":"WARN","message":"HTTP 404","data":{"method":"GET","path":"/.well-known/appspecific/com.chrome.devtools.json","statusCode":404,"duration":"9ms","ip":"::1","userId":"anonymous"}}
{"timestamp":"2025-11-27T19:28:21.075Z","level":"WARN","message":"404 Not Found - GET /.well-known/appspecific/com.chrome.devtools.json"}
{"timestamp":"2025-11-27T19:28:21.095Z","level":"WARN","message":"HTTP 404","data":{"method":"GET","path":"/.well-known/appspecific/com.chrome.devtools.json","statusCode":404,"duration":"30ms","ip":"::1","userId":1}}
{"timestamp":"2025-11-27T19:29:10.816Z","level":"WARN","message":"HTTP 400","data":{"method":"POST","path":"/resumable/b8c611ab950221758cdf8d070bee3f92/complete","statusCode":400,"duration":"38ms","ip":"::1","userId":1}}
{"timestamp":"2025-11-27T19:32:14.575Z","level":"WARN","message":"404 Not Found - GET /.well-known/appspecific/com.chrome.devtools.json"}
{"timestamp":"2025-11-27T19:32:14.578Z","level":"WARN","message":"HTTP 404","data":{"method":"GET","path":"/.well-known/appspecific/com.chrome.devtools.json","statusCode":404,"duration":"4ms","ip":"::1","userId":"anonymous"}}
{"timestamp":"2025-11-27T19:32:27.518Z","level":"WARN","message":"404 Not Found - GET /.well-known/appspecific/com.chrome.devtools.json"}
{"timestamp":"2025-11-27T19:32:27.521Z","level":"WARN","message":"HTTP 404","data":{"method":"GET","path":"/.well-known/appspecific/com.chrome.devtools.json","statusCode":404,"duration":"4ms","ip":"::1","userId":1}}
{"timestamp":"2025-11-27T19:33:02.324Z","level":"WARN","message":"HTTP 400","data":{"method":"POST","path":"/resumable/b8c611ab950221758cdf8d070bee3f92/complete","statusCode":400,"duration":"55ms","ip":"::1","userId":1}}
{"timestamp":"2025-11-27T19:34:04.931Z","level":"WARN","message":"404 Not Found - GET /.well-known/appspecific/com.chrome.devtools.json"}
{"timestamp":"2025-11-27T19:34:04.934Z","level":"WARN","message":"HTTP 404","data":{"method":"GET","path":"/.well-known/appspecific/com.chrome.devtools.json","statusCode":404,"duration":"4ms","ip":"::1","userId":"anonymous"}}
{"timestamp":"2025-11-27T19:34:17.800Z","level":"WARN","message":"404 Not Found - GET /.well-known/appspecific/com.chrome.devtools.json"}
{"timestamp":"2025-11-27T19:34:17.804Z","level":"WARN","message":"HTTP 404","data":{"method":"GET","path":"/.well-known/appspecific/com.chrome.devtools.json","statusCode":404,"duration":"6ms","ip":"::1","userId":1}}
{"timestamp":"2025-11-27T21:27:53.338Z","level":"WARN","message":"404 Not Found - GET /favicon.ico"}
{"timestamp":"2025-11-27T21:27:53.340Z","level":"WARN","message":"HTTP 404","data":{"method":"GET","path":"/favicon.ico","statusCode":404,"duration":"2ms","ip":"::1","userId":"anonymous"}}
{"timestamp":"2025-11-27T21:28:17.850Z","level":"WARN","message":"404 Not Found - GET /.well-known/appspecific/com.chrome.devtools.json"}
{"timestamp":"2025-11-27T21:28:17.852Z","level":"WARN","message":"HTTP 404","data":{"method":"GET","path":"/.well-known/appspecific/com.chrome.devtools.json","statusCode":404,"duration":"4ms","ip":"::1","userId":1}}
{"timestamp":"2025-11-27T21:29:11.361Z","level":"WARN","message":"404 Not Found - GET /favicon.ico"}
{"timestamp":"2025-11-27T21:29:11.365Z","level":"WARN","message":"HTTP 404","data":{"method":"GET","path":"/favicon.ico","statusCode":404,"duration":"5ms","ip":"::1","userId":"anonymous"}}
{"timestamp":"2025-11-27T21:32:50.662Z","level":"WARN","message":"404 Not Found - GET /.well-known/appspecific/com.chrome.devtools.json"}
{"timestamp":"2025-11-27T21:32:50.664Z","level":"WARN","message":"HTTP 404","data":{"method":"GET","path":"/.well-known/appspecific/com.chrome.devtools.json","statusCode":404,"duration":"3ms","ip":"::1","userId":"anonymous"}}
{"timestamp":"2025-11-27T21:33:34.796Z","level":"WARN","message":"Failed login attempt: incorrect password - admin"}
{"timestamp":"2025-11-27T21:33:34.822Z","level":"WARN","message":"404 Not Found - GET /.well-known/appspecific/com.chrome.devtools.json"}
{"timestamp":"2025-11-27T21:33:34.823Z","level":"WARN","message":"HTTP 404","data":{"method":"GET","path":"/.well-known/appspecific/com.chrome.devtools.json","statusCode":404,"duration":"2ms","ip":"::1","userId":"anonymous"}}
{"timestamp":"2025-11-27T21:34:25.731Z","level":"WARN","message":"404 Not Found - GET /.well-known/appspecific/com.chrome.devtools.json"}
{"timestamp":"2025-11-27T21:34:25.736Z","level":"WARN","message":"HTTP 404","data":{"method":"GET","path":"/.well-known/appspecific/com.chrome.devtools.json","statusCode":404,"duration":"10ms","ip":"::1","userId":1}}
{"timestamp":"2025-11-27T21:36:28.100Z","level":"WARN","message":"404 Not Found - GET /.well-known/appspecific/com.chrome.devtools.json"}
{"timestamp":"2025-11-27T21:36:28.103Z","level":"WARN","message":"HTTP 404","data":{"method":"GET","path":"/.well-known/appspecific/com.chrome.devtools.json","statusCode":404,"duration":"4ms","ip":"::1","userId":"anonymous"}}
{"timestamp":"2025-11-27T21:36:52.114Z","level":"WARN","message":"Failed login attempt: incorrect password - admin"}
{"timestamp":"2025-11-27T21:36:52.141Z","level":"WARN","message":"404 Not Found - GET /.well-known/appspecific/com.chrome.devtools.json"}
{"timestamp":"2025-11-27T21:36:52.143Z","level":"WARN","message":"HTTP 404","data":{"method":"GET","path":"/.well-known/appspecific/com.chrome.devtools.json","statusCode":404,"duration":"3ms","ip":"::1","userId":"anonymous"}}
{"timestamp":"2025-11-27T21:37:03.512Z","level":"WARN","message":"404 Not Found - GET /.well-known/appspecific/com.chrome.devtools.json"}
{"timestamp":"2025-11-27T21:37:03.514Z","level":"WARN","message":"HTTP 404","data":{"method":"GET","path":"/.well-known/appspecific/com.chrome.devtools.json","statusCode":404,"duration":"4ms","ip":"::1","userId":1}}
{"timestamp":"2025-11-27T21:38:37.753Z","level":"WARN","message":"404 Not Found - GET /.well-known/appspecific/com.chrome.devtools.json"}
{"timestamp":"2025-11-27T21:38:37.754Z","level":"WARN","message":"HTTP 404","data":{"method":"GET","path":"/.well-known/appspecific/com.chrome.devtools.json","statusCode":404,"duration":"2ms","ip":"::1","userId":"anonymous"}}
{"timestamp":"2025-11-27T21:38:50.670Z","level":"WARN","message":"404 Not Found - GET /.well-known/appspecific/com.chrome.devtools.json"}
{"timestamp":"2025-11-27T21:38:50.671Z","level":"WARN","message":"HTTP 404","data":{"method":"GET","path":"/.well-known/appspecific/com.chrome.devtools.json","statusCode":404,"duration":"4ms","ip":"::1","userId":1}}
{"timestamp":"2025-11-27T21:39:58.979Z","level":"WARN","message":"404 Not Found - GET /.well-known/appspecific/com.chrome.devtools.json"}
{"timestamp":"2025-11-27T21:39:58.982Z","level":"WARN","message":"HTTP 404","data":{"method":"GET","path":"/.well-known/appspecific/com.chrome.devtools.json","statusCode":404,"duration":"4ms","ip":"::1","userId":"anonymous"}}
{"timestamp":"2025-11-27T21:40:08.549Z","level":"WARN","message":"404 Not Found - GET /.well-known/appspecific/com.chrome.devtools.json"}
{"timestamp":"2025-11-27T21:40:08.552Z","level":"WARN","message":"HTTP 404","data":{"method":"GET","path":"/.well-known/appspecific/com.chrome.devtools.json","statusCode":404,"duration":"8ms","ip":"::1","userId":1}}
{"timestamp":"2025-11-27T21:41:37.651Z","level":"WARN","message":"404 Not Found - GET /.well-known/appspecific/com.chrome.devtools.json"}
{"timestamp":"2025-11-27T21:41:37.653Z","level":"WARN","message":"HTTP 404","data":{"method":"GET","path":"/.well-known/appspecific/com.chrome.devtools.json","statusCode":404,"duration":"3ms","ip":"::1","userId":"anonymous"}}
{"timestamp":"2025-11-27T21:41:50.306Z","level":"WARN","message":"404 Not Found - GET /.well-known/appspecific/com.chrome.devtools.json"}
{"timestamp":"2025-11-27T21:41:50.308Z","level":"WARN","message":"HTTP 404","data":{"method":"GET","path":"/.well-known/appspecific/com.chrome.devtools.json","statusCode":404,"duration":"4ms","ip":"::1","userId":1}}
{"timestamp":"2025-11-27T21:42:38.930Z","level":"WARN","message":"404 Not Found - GET /favicon.ico"}
{"timestamp":"2025-11-27T21:42:38.932Z","level":"WARN","message":"HTTP 404","data":{"method":"GET","path":"/favicon.ico","statusCode":404,"duration":"3ms","ip":"::1","userId":"anonymous"}}
{"timestamp":"2025-11-27T21:42:39.179Z","level":"WARN","message":"404 Not Found - GET /favicon.ico"}
{"timestamp":"2025-11-27T21:42:39.182Z","level":"WARN","message":"HTTP 404","data":{"method":"GET","path":"/favicon.ico","statusCode":404,"duration":"3ms","ip":"::1","userId":"anonymous"}}
{"timestamp":"2025-11-27T21:42:39.517Z","level":"WARN","message":"404 Not Found - GET /favicon.ico"}
{"timestamp":"2025-11-27T21:42:39.519Z","level":"WARN","message":"HTTP 404","data":{"method":"GET","path":"/favicon.ico","statusCode":404,"duration":"3ms","ip":"::1","userId":"anonymous"}}
{"timestamp":"2025-11-27T21:43:05.063Z","level":"WARN","message":"404 Not Found - GET /.well-known/appspecific/com.chrome.devtools.json"}
{"timestamp":"2025-11-27T21:43:05.065Z","level":"WARN","message":"HTTP 404","data":{"method":"GET","path":"/.well-known/appspecific/com.chrome.devtools.json","statusCode":404,"duration":"144ms","ip":"::1","userId":1}}
{"timestamp":"2025-11-27T21:46:28.556Z","level":"WARN","message":"404 Not Found - GET /.well-known/appspecific/com.chrome.devtools.json"}
{"timestamp":"2025-11-27T21:46:28.558Z","level":"WARN","message":"HTTP 404","data":{"method":"GET","path":"/.well-known/appspecific/com.chrome.devtools.json","statusCode":404,"duration":"3ms","ip":"::1","userId":"anonymous"}}
{"timestamp":"2025-11-27T21:46:44.276Z","level":"WARN","message":"Failed login attempt: incorrect password - admin"}
{"timestamp":"2025-11-27T21:46:44.303Z","level":"WARN","message":"404 Not Found - GET /.well-known/appspecific/com.chrome.devtools.json"}
{"timestamp":"2025-11-27T21:46:44.305Z","level":"WARN","message":"HTTP 404","data":{"method":"GET","path":"/.well-known/appspecific/com.chrome.devtools.json","statusCode":404,"duration":"3ms","ip":"::1","userId":"anonymous"}}
{"timestamp":"2025-11-27T21:46:53.184Z","level":"WARN","message":"404 Not Found - GET /.well-known/appspecific/com.chrome.devtools.json"}
{"timestamp":"2025-11-27T21:46:53.186Z","level":"WARN","message":"HTTP 404","data":{"method":"GET","path":"/.well-known/appspecific/com.chrome.devtools.json","statusCode":404,"duration":"4ms","ip":"::1","userId":1}}
{"timestamp":"2025-11-27T21:53:05.875Z","level":"WARN","message":"404 Not Found - GET /.well-known/appspecific/com.chrome.devtools.json"}
{"timestamp":"2025-11-27T21:53:05.878Z","level":"WARN","message":"HTTP 404","data":{"method":"GET","path":"/.well-known/appspecific/com.chrome.devtools.json","statusCode":404,"duration":"4ms","ip":"::1","userId":"anonymous"}}
{"timestamp":"2025-11-27T21:53:09.836Z","level":"WARN","message":"404 Not Found - GET /.well-known/appspecific/com.chrome.devtools.json"}
{"timestamp":"2025-11-27T21:53:09.839Z","level":"WARN","message":"HTTP 404","data":{"method":"GET","path":"/.well-known/appspecific/com.chrome.devtools.json","statusCode":404,"duration":"5ms","ip":"::1","userId":1}}
{"timestamp":"2025-11-27T21:53:42.468Z","level":"WARN","message":"HTTP 400","data":{"method":"POST","path":"/resumable/b8c611ab950221758cdf8d070bee3f92/complete","statusCode":400,"duration":"18ms","ip":"::1","userId":1}}
{"timestamp":"2025-11-27T21:59:37.638Z","level":"WARN","message":"404 Not Found - GET /.well-known/appspecific/com.chrome.devtools.json"}
{"timestamp":"2025-11-27T21:59:37.641Z","level":"WARN","message":"HTTP 404","data":{"method":"GET","path":"/.well-known/appspecific/com.chrome.devtools.json","statusCode":404,"duration":"4ms","ip":"::1","userId":"anonymous"}}
{"timestamp":"2025-11-27T21:59:38.582Z","level":"WARN","message":"404 Not Found - GET /.well-known/appspecific/com.chrome.devtools.json"}
{"timestamp":"2025-11-27T21:59:38.584Z","level":"WARN","message":"HTTP 404","data":{"method":"GET","path":"/.well-known/appspecific/com.chrome.devtools.json","statusCode":404,"duration":"3ms","ip":"::1","userId":"anonymous"}}
{"timestamp":"2025-11-27T21:59:38.838Z","level":"WARN","message":"404 Not Found - GET /.well-known/appspecific/com.chrome.devtools.json"}
{"timestamp":"2025-11-27T21:59:38.840Z","level":"WARN","message":"HTTP 404","data":{"method":"GET","path":"/.well-known/appspecific/com.chrome.devtools.json","statusCode":404,"duration":"3ms","ip":"::1","userId":"anonymous"}}
{"timestamp":"2025-11-27T21:59:50.421Z","level":"WARN","message":"404 Not Found - GET /.well-known/appspecific/com.chrome.devtools.json"}
{"timestamp":"2025-11-27T21:59:50.424Z","level":"WARN","message":"HTTP 404","data":{"method":"GET","path":"/.well-known/appspecific/com.chrome.devtools.json","statusCode":404,"duration":"7ms","ip":"::1","userId":1}}
{"timestamp":"2025-11-27T22:02:34.288Z","level":"WARN","message":"404 Not Found - GET /.well-known/appspecific/com.chrome.devtools.json"}
{"timestamp":"2025-11-27T22:02:34.290Z","level":"WARN","message":"HTTP 404","data":{"method":"GET","path":"/.well-known/appspecific/com.chrome.devtools.json","statusCode":404,"duration":"2ms","ip":"::1","userId":"anonymous"}}
{"timestamp":"2025-11-27T22:02:45.460Z","level":"WARN","message":"404 Not Found - GET /.well-known/appspecific/com.chrome.devtools.json"}
{"timestamp":"2025-11-27T22:02:45.462Z","level":"WARN","message":"HTTP 404","data":{"method":"GET","path":"/.well-known/appspecific/com.chrome.devtools.json","statusCode":404,"duration":"7ms","ip":"::1","userId":1}}
{"timestamp":"2025-11-27T22:09:21.434Z","level":"WARN","message":"404 Not Found - GET /.well-known/appspecific/com.chrome.devtools.json"}
{"timestamp":"2025-11-27T22:09:21.437Z","level":"WARN","message":"HTTP 404","data":{"method":"GET","path":"/.well-known/appspecific/com.chrome.devtools.json","statusCode":404,"duration":"5ms","ip":"::1","userId":"anonymous"}}
{"timestamp":"2025-11-27T22:09:31.089Z","level":"WARN","message":"404 Not Found - GET /.well-known/appspecific/com.chrome.devtools.json"}
{"timestamp":"2025-11-27T22:09:31.090Z","level":"WARN","message":"HTTP 404","data":{"method":"GET","path":"/.well-known/appspecific/com.chrome.devtools.json","statusCode":404,"duration":"6ms","ip":"::1","userId":1}}
{"timestamp":"2025-11-27T22:11:24.246Z","level":"WARN","message":"404 Not Found - GET /.well-known/appspecific/com.chrome.devtools.json"}
{"timestamp":"2025-11-27T22:11:24.248Z","level":"WARN","message":"HTTP 404","data":{"method":"GET","path":"/.well-known/appspecific/com.chrome.devtools.json","statusCode":404,"duration":"3ms","ip":"::1","userId":"anonymous"}}
{"timestamp":"2025-11-27T22:11:40.124Z","level":"WARN","message":"404 Not Found - GET /.well-known/appspecific/com.chrome.devtools.json"}
{"timestamp":"2025-11-27T22:11:40.125Z","level":"WARN","message":"HTTP 404","data":{"method":"GET","path":"/.well-known/appspecific/com.chrome.devtools.json","statusCode":404,"duration":"3ms","ip":"::1","userId":1}}
{"timestamp":"2025-11-27T22:13:34.442Z","level":"WARN","message":"404 Not Found - GET /.well-known/appspecific/com.chrome.devtools.json"}
{"timestamp":"2025-11-27T22:13:34.445Z","level":"WARN","message":"HTTP 404","data":{"method":"GET","path":"/.well-known/appspecific/com.chrome.devtools.json","statusCode":404,"duration":"4ms","ip":"::1","userId":"anonymous"}}
{"timestamp":"2025-11-27T22:13:47.027Z","level":"WARN","message":"404 Not Found - GET /.well-known/appspecific/com.chrome.devtools.json"}
{"timestamp":"2025-11-27T22:13:47.029Z","level":"WARN","message":"HTTP 404","data":{"method":"GET","path":"/.well-known/appspecific/com.chrome.devtools.json","statusCode":404,"duration":"4ms","ip":"::1","userId":1}}
{"timestamp":"2025-11-27T22:15:53.668Z","level":"WARN","message":"404 Not Found - GET /.well-known/appspecific/com.chrome.devtools.json"}
{"timestamp":"2025-11-27T22:15:53.670Z","level":"WARN","message":"HTTP 404","data":{"method":"GET","path":"/.well-known/appspecific/com.chrome.devtools.json","statusCode":404,"duration":"3ms","ip":"::1","userId":"anonymous"}}
{"timestamp":"2025-11-27T22:16:43.261Z","level":"WARN","message":"404 Not Found - GET /.well-known/appspecific/com.chrome.devtools.json"}
{"timestamp":"2025-11-27T22:16:43.266Z","level":"WARN","message":"HTTP 404","data":{"method":"GET","path":"/.well-known/appspecific/com.chrome.devtools.json","statusCode":404,"duration":"12ms","ip":"::1","userId":1}}
{"timestamp":"2025-11-27T22:19:39.270Z","level":"WARN","message":"404 Not Found - GET /.well-known/appspecific/com.chrome.devtools.json"}
{"timestamp":"2025-11-27T22:19:39.273Z","level":"WARN","message":"HTTP 404","data":{"method":"GET","path":"/.well-known/appspecific/com.chrome.devtools.json","statusCode":404,"duration":"3ms","ip":"::1","userId":"anonymous"}}
{"timestamp":"2025-11-27T22:19:48.841Z","level":"WARN","message":"404 Not Found - GET /.well-known/appspecific/com.chrome.devtools.json"}
{"timestamp":"2025-11-27T22:19:48.843Z","level":"WARN","message":"HTTP 404","data":{"method":"GET","path":"/.well-known/appspecific/com.chrome.devtools.json","statusCode":404,"duration":"4ms","ip":"::1","userId":1}}
{"timestamp":"2025-11-27T22:23:11.975Z","level":"WARN","message":"404 Not Found - GET /.well-known/appspecific/com.chrome.devtools.json"}
{"timestamp":"2025-11-27T22:23:11.978Z","level":"WARN","message":"HTTP 404","data":{"method":"GET","path":"/.well-known/appspecific/com.chrome.devtools.json","statusCode":404,"duration":"4ms","ip":"::1","userId":"anonymous"}}
{"timestamp":"2025-11-27T22:23:22.397Z","level":"WARN","message":"404 Not Found - GET /.well-known/appspecific/com.chrome.devtools.json"}
{"timestamp":"2025-11-27T22:23:22.399Z","level":"WARN","message":"HTTP 404","data":{"method":"GET","path":"/.well-known/appspecific/com.chrome.devtools.json","statusCode":404,"duration":"5ms","ip":"::1","userId":1}}
{"timestamp":"2025-11-27T22:25:58.925Z","level":"WARN","message":"404 Not Found - GET /.well-known/appspecific/com.chrome.devtools.json"}
{"timestamp":"2025-11-27T22:25:58.927Z","level":"WARN","message":"HTTP 404","data":{"method":"GET","path":"/.well-known/appspecific/com.chrome.devtools.json","statusCode":404,"duration":"3ms","ip":"::1","userId":"anonymous"}}
{"timestamp":"2025-11-27T22:26:15.171Z","level":"WARN","message":"404 Not Found - GET /.well-known/appspecific/com.chrome.devtools.json"}
{"timestamp":"2025-11-27T22:26:15.172Z","level":"WARN","message":"HTTP 404","data":{"method":"GET","path":"/.well-known/appspecific/com.chrome.devtools.json","statusCode":404,"duration":"5ms","ip":"::1","userId":1}}
{"timestamp":"2025-11-27T22:28:55.422Z","level":"WARN","message":"404 Not Found - GET /.well-known/appspecific/com.chrome.devtools.json"}
{"timestamp":"2025-11-27T22:28:55.424Z","level":"WARN","message":"HTTP 404","data":{"method":"GET","path":"/.well-known/appspecific/com.chrome.devtools.json","statusCode":404,"duration":"3ms","ip":"::1","userId":"anonymous"}}
{"timestamp":"2025-11-27T22:29:07.003Z","level":"WARN","message":"404 Not Found - GET /.well-known/appspecific/com.chrome.devtools.json"}
{"timestamp":"2025-11-27T22:29:07.006Z","level":"WARN","message":"HTTP 404","data":{"method":"GET","path":"/.well-known/appspecific/com.chrome.devtools.json","statusCode":404,"duration":"6ms","ip":"::1","userId":1}}
{"timestamp":"2025-11-27T22:31:16.108Z","level":"WARN","message":"404 Not Found - GET /.well-known/appspecific/com.chrome.devtools.json"}
{"timestamp":"2025-11-27T22:31:16.110Z","level":"WARN","message":"HTTP 404","data":{"method":"GET","path":"/.well-known/appspecific/com.chrome.devtools.json","statusCode":404,"duration":"3ms","ip":"::1","userId":"anonymous"}}
{"timestamp":"2025-11-27T22:31:29.241Z","level":"WARN","message":"Failed login attempt: incorrect password - admin"}
{"timestamp":"2025-11-27T22:31:29.273Z","level":"WARN","message":"404 Not Found - GET /.well-known/appspecific/com.chrome.devtools.json"}
{"timestamp":"2025-11-27T22:31:29.275Z","level":"WARN","message":"HTTP 404","data":{"method":"GET","path":"/.well-known/appspecific/com.chrome.devtools.json","statusCode":404,"duration":"3ms","ip":"::1","userId":"anonymous"}}
{"timestamp":"2025-11-27T22:31:48.077Z","level":"WARN","message":"404 Not Found - GET /.well-known/appspecific/com.chrome.devtools.json"}
{"timestamp":"2025-11-27T22:31:48.079Z","level":"WARN","message":"HTTP 404","data":{"method":"GET","path":"/.well-known/appspecific/com.chrome.devtools.json","statusCode":404,"duration":"3ms","ip":"::1","userId":1}}
{"timestamp":"2025-11-27T22:38:53.807Z","level":"WARN","message":"404 Not Found - GET /.well-known/appspecific/com.chrome.devtools.json"}
{"timestamp":"2025-11-27T22:38:53.810Z","level":"WARN","message":"HTTP 404","data":{"method":"GET","path":"/.well-known/appspecific/com.chrome.devtools.json","statusCode":404,"duration":"3ms","ip":"::1","userId":"anonymous"}}
{"timestamp":"2025-11-27T22:39:04.128Z","level":"WARN","message":"404 Not Found - GET /.well-known/appspecific/com.chrome.devtools.json"}
{"timestamp":"2025-11-27T22:39:04.131Z","level":"WARN","message":"HTTP 404","data":{"method":"GET","path":"/.well-known/appspecific/com.chrome.devtools.json","statusCode":404,"duration":"8ms","ip":"::1","userId":1}}
{"timestamp":"2025-11-27T22:41:58.369Z","level":"WARN","message":"HTTP 500","data":{"method":"GET","path":"/login","statusCode":500,"duration":"10ms","ip":"::1","userId":"anonymous"}}
{"timestamp":"2025-11-27T22:41:58.401Z","level":"WARN","message":"404 Not Found - GET /.well-known/appspecific/com.chrome.devtools.json"}
{"timestamp":"2025-11-27T22:41:58.403Z","level":"WARN","message":"HTTP 404","data":{"method":"GET","path":"/.well-known/appspecific/com.chrome.devtools.json","statusCode":404,"duration":"2ms","ip":"::1","userId":"anonymous"}}
{"timestamp":"2025-11-27T22:41:59.900Z","level":"WARN","message":"404 Not Found - GET /.well-known/appspecific/com.chrome.devtools.json"}
{"timestamp":"2025-11-27T22:41:59.901Z","level":"WARN","message":"HTTP 404","data":{"method":"GET","path":"/.well-known/appspecific/com.chrome.devtools.json","statusCode":404,"duration":"2ms","ip":"::1","userId":"anonymous"}}
{"timestamp":"2025-11-27T22:41:59.914Z","level":"WARN","message":"404 Not Found - GET /.well-known/appspecific/com.chrome.devtools.json"}
{"timestamp":"2025-11-27T22:41:59.916Z","level":"WARN","message":"HTTP 404","data":{"method":"GET","path":"/.well-known/appspecific/com.chrome.devtools.json","statusCode":404,"duration":"2ms","ip":"::1","userId":"anonymous"}}
{"timestamp":"2025-11-27T22:42:04.938Z","level":"WARN","message":"404 Not Found - GET /.well-known/appspecific/com.chrome.devtools.json"}
{"timestamp":"2025-11-27T22:42:04.939Z","level":"WARN","message":"HTTP 404","data":{"method":"GET","path":"/.well-known/appspecific/com.chrome.devtools.json","statusCode":404,"duration":"15ms","ip":"::1","userId":1}}
{"timestamp":"2025-11-27T22:44:30.135Z","level":"WARN","message":"404 Not Found - GET /.well-known/appspecific/com.chrome.devtools.json"}
{"timestamp":"2025-11-27T22:44:30.136Z","level":"WARN","message":"HTTP 404","data":{"method":"GET","path":"/.well-known/appspecific/com.chrome.devtools.json","statusCode":404,"duration":"3ms","ip":"::1","userId":1}}
{"timestamp":"2025-11-27T22:44:40.534Z","level":"WARN","message":"404 Not Found - GET /.well-known/appspecific/com.chrome.devtools.json"}
{"timestamp":"2025-11-27T22:44:40.535Z","level":"WARN","message":"HTTP 404","data":{"method":"GET","path":"/.well-known/appspecific/com.chrome.devtools.json","statusCode":404,"duration":"3ms","ip":"::1","userId":1}}
{"timestamp":"2025-11-28T08:18:35.142Z","level":"WARN","message":"404 Not Found - GET /.well-known/appspecific/com.chrome.devtools.json"}
{"timestamp":"2025-11-28T08:18:35.145Z","level":"WARN","message":"HTTP 404","data":{"method":"GET","path":"/.well-known/appspecific/com.chrome.devtools.json","statusCode":404,"duration":"8ms","ip":"::1","userId":1}}
{"timestamp":"2025-11-28T08:18:40.604Z","level":"WARN","message":"HTTP 500","data":{"method":"GET","path":"/login","statusCode":500,"duration":"5ms","ip":"::1","userId":"anonymous"}}
{"timestamp":"2025-11-28T08:18:40.629Z","level":"WARN","message":"404 Not Found - GET /.well-known/appspecific/com.chrome.devtools.json"}
{"timestamp":"2025-11-28T08:18:40.631Z","level":"WARN","message":"HTTP 404","data":{"method":"GET","path":"/.well-known/appspecific/com.chrome.devtools.json","statusCode":404,"duration":"2ms","ip":"::1","userId":"anonymous"}}
{"timestamp":"2025-11-28T08:18:46.432Z","level":"WARN","message":"HTTP 500","data":{"method":"GET","path":"/login","statusCode":500,"duration":"2ms","ip":"::1","userId":"anonymous"}}
{"timestamp":"2025-11-28T08:18:46.450Z","level":"WARN","message":"404 Not Found - GET /.well-known/appspecific/com.chrome.devtools.json"}
{"timestamp":"2025-11-28T08:18:46.451Z","level":"WARN","message":"HTTP 404","data":{"method":"GET","path":"/.well-known/appspecific/com.chrome.devtools.json","statusCode":404,"duration":"1ms","ip":"::1","userId":"anonymous"}}
{"timestamp":"2025-11-28T08:18:49.969Z","level":"WARN","message":"HTTP 500","data":{"method":"GET","path":"/login","statusCode":500,"duration":"2ms","ip":"::1","userId":"anonymous"}}
{"timestamp":"2025-11-28T08:18:50.006Z","level":"WARN","message":"404 Not Found - GET /.well-known/appspecific/com.chrome.devtools.json"}
{"timestamp":"2025-11-28T08:18:50.007Z","level":"WARN","message":"HTTP 404","data":{"method":"GET","path":"/.well-known/appspecific/com.chrome.devtools.json","statusCode":404,"duration":"2ms","ip":"::1","userId":"anonymous"}}
{"timestamp":"2025-11-28T08:19:19.875Z","level":"WARN","message":"HTTP 500","data":{"method":"GET","path":"/login","statusCode":500,"duration":"8ms","ip":"::1","userId":"anonymous"}}
{"timestamp":"2025-11-28T08:19:19.899Z","level":"WARN","message":"404 Not Found - GET /.well-known/appspecific/com.chrome.devtools.json"}
{"timestamp":"2025-11-28T08:19:19.901Z","level":"WARN","message":"HTTP 404","data":{"method":"GET","path":"/.well-known/appspecific/com.chrome.devtools.json","statusCode":404,"duration":"3ms","ip":"::1","userId":"anonymous"}}
{"timestamp":"2025-11-28T08:19:24.653Z","level":"WARN","message":"HTTP 500","data":{"method":"GET","path":"/login","statusCode":500,"duration":"3ms","ip":"::1","userId":"anonymous"}}
{"timestamp":"2025-11-28T08:19:24.683Z","level":"WARN","message":"404 Not Found - GET /.well-known/appspecific/com.chrome.devtools.json"}
{"timestamp":"2025-11-28T08:19:24.685Z","level":"WARN","message":"HTTP 404","data":{"method":"GET","path":"/.well-known/appspecific/com.chrome.devtools.json","statusCode":404,"duration":"3ms","ip":"::1","userId":"anonymous"}}
{"timestamp":"2025-11-28T08:25:35.606Z","level":"WARN","message":"HTTP 500","data":{"method":"GET","path":"/login","statusCode":500,"duration":"12ms","ip":"::1","userId":"anonymous"}}
{"timestamp":"2025-11-28T08:25:35.622Z","level":"WARN","message":"404 Not Found - GET /.well-known/appspecific/com.chrome.devtools.json"}
{"timestamp":"2025-11-28T08:25:35.624Z","level":"WARN","message":"HTTP 404","data":{"method":"GET","path":"/.well-known/appspecific/com.chrome.devtools.json","statusCode":404,"duration":"3ms","ip":"::1","userId":"anonymous"}}
{"timestamp":"2025-11-28T08:25:36.527Z","level":"WARN","message":"HTTP 500","data":{"method":"GET","path":"/login","statusCode":500,"duration":"3ms","ip":"::1","userId":"anonymous"}}
{"timestamp":"2025-11-28T08:25:36.545Z","level":"WARN","message":"404 Not Found - GET /.well-known/appspecific/com.chrome.devtools.json"}
{"timestamp":"2025-11-28T08:25:36.547Z","level":"WARN","message":"HTTP 404","data":{"method":"GET","path":"/.well-known/appspecific/com.chrome.devtools.json","statusCode":404,"duration":"2ms","ip":"::1","userId":"anonymous"}}
{"timestamp":"2025-11-28T08:27:13.750Z","level":"WARN","message":"404 Not Found - GET /.well-known/appspecific/com.chrome.devtools.json"}
{"timestamp":"2025-11-28T08:27:13.753Z","level":"WARN","message":"HTTP 404","data":{"method":"GET","path":"/.well-known/appspecific/com.chrome.devtools.json","statusCode":404,"duration":"3ms","ip":"::1","userId":"anonymous"}}
{"timestamp":"2025-11-28T08:27:24.714Z","level":"WARN","message":"Failed login attempt: incorrect password - admin"}
{"timestamp":"2025-11-28T08:27:24.744Z","level":"WARN","message":"404 Not Found - GET /.well-known/appspecific/com.chrome.devtools.json"}
{"timestamp":"2025-11-28T08:27:24.746Z","level":"WARN","message":"HTTP 404","data":{"method":"GET","path":"/.well-known/appspecific/com.chrome.devtools.json","statusCode":404,"duration":"3ms","ip":"::1","userId":"anonymous"}}
{"timestamp":"2025-11-28T08:27:37.449Z","level":"WARN","message":"404 Not Found - GET /.well-known/appspecific/com.chrome.devtools.json"}
{"timestamp":"2025-11-28T08:27:37.452Z","level":"WARN","message":"HTTP 404","data":{"method":"GET","path":"/.well-known/appspecific/com.chrome.devtools.json","statusCode":404,"duration":"7ms","ip":"::1","userId":1}}
{"timestamp":"2025-11-28T09:10:32.187Z","level":"WARN","message":"404 Not Found - GET /.well-known/appspecific/com.chrome.devtools.json"}
{"timestamp":"2025-11-28T09:10:32.189Z","level":"WARN","message":"HTTP 404","data":{"method":"GET","path":"/.well-known/appspecific/com.chrome.devtools.json","statusCode":404,"duration":"3ms","ip":"::1","userId":1}}
{"timestamp":"2025-11-28T10:46:16.549Z","level":"WARN","message":"Failed login attempt: incorrect password - admin"}
{"timestamp":"2025-11-28T10:54:54.542Z","level":"WARN","message":"HTTP 404","data":{"method":"POST","path":"/13/restore-dump","statusCode":404,"duration":"46ms","ip":"::1","userId":1}}
{"timestamp":"2025-11-28T10:55:00.970Z","level":"WARN","message":"HTTP 404","data":{"method":"DELETE","path":"/13","statusCode":404,"duration":"2ms","ip":"::1","userId":1}}
{"timestamp":"2025-11-28T10:55:05.342Z","level":"WARN","message":"HTTP 404","data":{"method":"DELETE","path":"/13","statusCode":404,"duration":"3ms","ip":"::1","userId":1}}
{"timestamp":"2025-11-28T12:43:35.394Z","level":"WARN","message":"404 Not Found - GET /.well-known/appspecific/com.chrome.devtools.json"}
{"timestamp":"2025-11-28T12:43:35.397Z","level":"WARN","message":"HTTP 404","data":{"method":"GET","path":"/.well-known/appspecific/com.chrome.devtools.json","statusCode":404,"duration":"4ms","ip":"::ffff:172.18.0.1","userId":"anonymous"}}
{"timestamp":"2025-11-28T12:43:44.952Z","level":"WARN","message":"404 Not Found - GET /.well-known/appspecific/com.chrome.devtools.json"}
{"timestamp":"2025-11-28T12:43:44.958Z","level":"WARN","message":"HTTP 404","data":{"method":"GET","path":"/.well-known/appspecific/com.chrome.devtools.json","statusCode":404,"duration":"13ms","ip":"::ffff:172.18.0.1","userId":1}}
